<?xml version="1.0" encoding="utf-8"?>
<TestRun id="d551145d-4e9f-4470-a475-c7e25da7b330" name="krzysztof.dziadul@SB-PL-CBDWQV3 2023-10-23 16:29:01" runUser="AD\krzysztof.dziadul" xmlns="http://microsoft.com/schemas/VisualStudio/TeamTest/2010">
  <Times creation="2023-10-23T16:29:01.5170122+02:00" queuing="2023-10-23T16:29:01.5170122+02:00" start="2023-10-23T16:28:58.7164679+02:00" finish="2023-10-23T16:29:01.5199372+02:00" />
  <TestSettings name="default" id="622369b2-fd4c-4072-ab11-e27e982b5fc5">
    <Deployment runDeploymentRoot="krzysztof.dziadul_SB-PL-CBDWQV3_2023-10-23_16_29_01" />
  </TestSettings>
  <TestLists>
    <TestList name="Results Not in a List" id="8c84fa94-04c1-424b-9868-57a2d4851a1d" />
    <TestList name="All Loaded Results" id="19431567-8539-422a-85d7-44ee4e166bda" />
  </TestLists>
  <ResultSummary outcome="Completed">
    <Counters total="0" executed="0" passed="0" failed="0" error="0" timeout="0" aborted="0" inconclusive="0" passedButRunAborted="0" notRunnable="0" notExecuted="0" disconnected="0" warning="0" completed="0" inProgress="0" pending="0" />
    <RunInfos>
      <RunInfo computerName="SB-PL-CBDWQV3" outcome="Warning" timestamp="2023-10-23T16:29:00.9544581+02:00">
        <Text>The "C:\agent\_work\3\s\ProjectSuiteNew.pjs" project suite does not contain any test item.</Text>
      </RunInfo>
      <RunInfo computerName="SB-PL-CBDWQV3" outcome="Warning" timestamp="2023-10-23T16:29:01.5019369+02:00">
        <Text>No test is available in C:\agent\_work\3\s\ProjectSuiteNew.pjs. Make sure that test discoverer &amp; executors are registered and platform &amp; framework version settings are appropriate and try again.</Text>
      </RunInfo>
    </RunInfos>
  </ResultSummary>
</TestRun>